Arguments: 
  /opt/homebrew/Cellar/nvm/0.39.0/versions/node/v16.13.0/bin/node /opt/homebrew/opt/nvm/versions/node/v16.13.0/bin/yarn add opensea-js

PATH: 
  /opt/homebrew/opt/nvm/versions/node/v16.13.0/bin:/opt/homebrew/bin:/opt/homebrew/sbin:/usr/local/bin:/usr/bin:/bin:/usr/sbin:/sbin:/Library/Apple/usr/bin:/usr/local/apache-maven-3.8.4/bin:/Library/Java/JavaVirtualMachines/zulu-8.jdk/Contents/Home/bin:/Users/paul/Library/Android/sdk/tools:/Users/paul/Library/Android/sdk/platform-tools:/Users/paul/.yarn/bin:/Users/paul/.config/yarn/global/node_modules/.bin

Yarn version: 
  1.22.18

Node version: 
  16.13.0

Platform: 
  darwin arm64

Trace: 
  Error: connect ECONNREFUSED 0.0.0.0:443
      at TCPConnectWrap.afterConnect [as oncomplete] (node:net:1161:16)

npm manifest: 
  {
    "name": "hello-opensea",
    "version": "1.0.0",
    "main": "index.js",
    "license": "MIT"
  }

yarn manifest: 
  No manifest

Lockfile: 
  # THIS IS AN AUTOGENERATED FILE. DO NOT EDIT THIS FILE DIRECTLY.
  # yarn lockfile v1
